<?xml version="1.0" encoding="UTF-8"?>
<!-- Generated by org.testng.reporters.JUnitReportReporter -->
<testsuite hostname="DESKTOP-0HNT2E6" failures="0" tests="2" name="com.automationpractice.HomePage" time="30.337" errors="0" timestamp="2021-02-01T19:03:48 BOT" skipped="0">
  <testcase classname="com.automationpractice.HomePage" name="basePageNavigation" time="15.546"/>
  <system-out/>
  <testcase classname="com.automationpractice.HomePage" name="basePageNavigation" time="14.791"/>
  <system-out/>
</testsuite> <!-- com.automationpractice.HomePage -->
