<?xml version="1.0" encoding="UTF-8"?>
<!-- Generated by org.testng.reporters.JUnitReportReporter -->
<testsuite hostname="DESKTOP-0HNT2E6" failures="0" tests="1" name="com.automationpractice.ValidateStoreInformation" time="0.122" errors="0" timestamp="2021-02-01T23:54:14 BOT" skipped="0">
  <testcase classname="com.automationpractice.ValidateStoreInformation" name="basePageNavigation" time="0.122"/>
  <system-out/>
</testsuite> <!-- com.automationpractice.ValidateStoreInformation -->
