<?xml version="1.0" encoding="UTF-8"?>
<!-- Generated by org.testng.reporters.JUnitReportReporter -->
<testsuite hostname="DESKTOP-0HNT2E6" failures="0" tests="1" name="com.automationpractice.AddItemToSCart" time="3.981" errors="0" timestamp="2021-02-01T23:54:14 BOT" skipped="0">
  <testcase classname="com.automationpractice.AddItemToSCart" name="basePageNavigation" time="3.981"/>
  <system-out/>
</testsuite> <!-- com.automationpractice.AddItemToSCart -->
