<?xml version="1.0" encoding="UTF-8"?>
<!-- Generated by org.testng.reporters.JUnitReportReporter -->
<testsuite hostname="DESKTOP-0HNT2E6" failures="0" tests="2" name="com.automationpractice.SearchItems" time="7.333" errors="0" timestamp="2021-02-01T23:54:14 BOT" skipped="0">
  <testcase classname="com.automationpractice.SearchItems" name="basePageNavigation" time="2.602"/>
  <system-out/>
  <testcase classname="com.automationpractice.SearchItems" name="basePageNavigation" time="4.731"/>
  <system-out/>
</testsuite> <!-- com.automationpractice.SearchItems -->
