<?xml version="1.0" encoding="UTF-8"?>
<!-- Generated by org.testng.reporters.JUnitReportReporter -->
<testsuite hostname="DESKTOP-0HNT2E6" failures="0" tests="1" name="com.automationpractice.AppTest" time="0.008" errors="0" timestamp="2021-02-01T20:21:35 BOT" skipped="0">
  <testcase classname="com.automationpractice.AppTest" name="shouldAnswerWithTrue" time="0.008"/>
  <system-out/>
</testsuite> <!-- com.automationpractice.AppTest -->
